<?xml version="1.0" encoding="UTF-8"?>
<!-- Generated by org.testng.reporters.JUnitReportReporter -->
<testsuite hostname="DESKTOP-C6OQV70" failures="0" tests="1" name="com.internet.herokuapp.testCases.AddRemoveElement" time="8.199" errors="0" timestamp="2022-10-25T13:46:34 BDT" skipped="0">
  <testcase classname="com.internet.herokuapp.testCases.AddRemoveElement" name="addRemoveElement" time="8.199"/>
  <system-out/>
</testsuite> <!-- com.internet.herokuapp.testCases.AddRemoveElement -->
