<?xml version="1.0" encoding="UTF-8"?>
<!-- Generated by org.testng.reporters.JUnitReportReporter -->
<testsuite hostname="DESKTOP-C6OQV70" failures="0" tests="2" name="com.internet.herokuapp.testCases.ABTesting" time="10.941" errors="0" timestamp="2022-10-25T13:46:34 BDT" skipped="0">
  <testcase classname="com.internet.herokuapp.testCases.ABTesting" name="urlValidation" time="5.270"/>
  <system-out/>
  <testcase classname="com.internet.herokuapp.testCases.ABTesting" name="abTesting" time="5.671"/>
  <system-out/>
</testsuite> <!-- com.internet.herokuapp.testCases.ABTesting -->
